Initializing logger
Registering providers
 Registering github.com/cosmos/cosmos-sdk/runtime.ProvideApp (github.com/cosmos/cosmos-sdk@v0.51.0/runtime/module.go:112)
  Registering resolver for simple type codec.Codec
  Registering resolver for simple type *codec.LegacyAmino
  Registering resolver for simple type *runtime.AppBuilder
  Registering resolver for simple type *baseapp.MsgServiceRouter
  Registering resolver for simple type *baseapp.GRPCQueryRouter
  Registering resolver for one-per-module type appmodule.AppModule
  Found resolver for appmodule.AppModule: *depinject.onePerModuleResolver
  Registering resolver for simple type protodesc.Resolver
  Registering resolver for simple type protoregistry.MessageTypeResolver
 Registering resolver for many-per-container type signing.CustomGetSigner
 Registering github.com/cosmos/cosmos-sdk/runtime.ProvideInterfaceRegistry (github.com/cosmos/cosmos-sdk@v0.51.0/runtime/module.go:178)
  Registering resolver for simple type types.InterfaceRegistry
 Registering module-scoped provider: github.com/cosmos/cosmos-sdk/runtime.ProvideKVStoreKey (github.com/cosmos/cosmos-sdk@v0.51.0/runtime/module.go:219)
  Registering resolver for module-scoped type *types.KVStoreKey
 Registering module-scoped provider: github.com/cosmos/cosmos-sdk/runtime.ProvideTransientStoreKey (github.com/cosmos/cosmos-sdk@v0.51.0/runtime/module.go:238)
  Registering resolver for module-scoped type *types.TransientStoreKey
 Registering module-scoped provider: github.com/cosmos/cosmos-sdk/runtime.ProvideMemoryStoreKey (github.com/cosmos/cosmos-sdk@v0.51.0/runtime/module.go:244)
  Registering resolver for module-scoped type *types.MemoryStoreKey
 Registering github.com/cosmos/cosmos-sdk/runtime.ProvideGenesisTxHandler (github.com/cosmos/cosmos-sdk@v0.51.0/runtime/module.go:255)
  Registering resolver for simple type genesis.TxHandler
 Registering module-scoped provider: github.com/cosmos/cosmos-sdk/runtime.ProvideEnvironment (github.com/cosmos/cosmos-sdk@v0.51.0/runtime/module.go:258)
  Registering resolver for module-scoped type store.KVStoreService
  Registering resolver for module-scoped type store.MemoryStoreService
  Registering resolver for module-scoped type appmodule.Environment
 Registering module-scoped provider: github.com/cosmos/cosmos-sdk/runtime.ProvideTransientStoreService (github.com/cosmos/cosmos-sdk@v0.51.0/runtime/module.go:280)
  Registering resolver for module-scoped type store.TransientStoreService
 Registering github.com/cosmos/cosmos-sdk/runtime.ProvideModuleManager (github.com/cosmos/cosmos-sdk@v0.51.0/runtime/module.go:250)
  Registering resolver for simple type *module.Manager
 Registering github.com/cosmos/cosmos-sdk/runtime.ProvideAppVersionModifier (github.com/cosmos/cosmos-sdk@v0.51.0/runtime/module.go:286)
  Registering resolver for simple type app.VersionModifier
 Registering github.com/cosmos/cosmos-sdk/runtime.ProvideAddressCodec (github.com/cosmos/cosmos-sdk@v0.51.0/runtime/module.go:306)
  Registering resolver for simple type address.Codec
  Registering resolver for simple type address.ValidatorAddressCodec
  Registering resolver for simple type address.ConsensusAddressCodec
 Registering github.com/cosmos/cosmos-sdk/runtime.ProvideCometService (github.com/cosmos/cosmos-sdk@v0.51.0/runtime/module.go:290)
  Registering resolver for simple type comet.Service
 Registering github.com/berachain/beacon-kit/beacond/x/beacon.ProvideModule (github.com/berachain/beacon-kit/beacond/x/beacon/depinject.go:70)
  Registering resolver for simple type *keeper.Keeper
  Found resolver for appmodule.AppModule: *depinject.onePerModuleResolver
 Registering cosmossdk.io/x/auth/tx/config.ProvideModule (cosmossdk.io/x/auth@v0.0.0-00010101000000-000000000000/tx/config/depinject.go:71)
  Registering resolver for simple type client.TxConfig
  Registering resolver for simple type tx.ConfigOptions
  Registering resolver for many-per-container type runtime.BaseAppOption
  Found resolver for runtime.BaseAppOption: *depinject.groupResolver
 Registering cosmossdk.io/x/auth/tx/config.ProvideProtoRegistry (cosmossdk.io/x/auth@v0.0.0-00010101000000-000000000000/tx/config/depinject.go:67)
  Registering resolver for simple type signing.ProtoFileResolver
 Registering github.com/berachain/beacon-kit/mod/node-builder/pkg/components.ProvideClientContext (github.com/berachain/beacon-kit/mod/node-builder/pkg/components/client_context.go:60)
  Registering resolver for simple type client.Context
 Registering github.com/berachain/beacon-kit/mod/node-builder/pkg/components.ProvideKeyring (github.com/berachain/beacon-kit/mod/node-builder/pkg/components/keyring.go:36)
  Registering resolver for simple type keyring.Keyring
 Implicitly registering resolver *viper.Viper for interface type types.AppOptions
 Registering github.com/berachain/beacon-kit/mod/node-builder/pkg/components.ProvideConfig (github.com/berachain/beacon-kit/mod/node-builder/pkg/components/config.go:41)
  Registering resolver for simple type *config.Config
 Registering github.com/berachain/beacon-kit/mod/node-builder/pkg/components.ProvideBlsSigner (github.com/berachain/beacon-kit/mod/node-builder/pkg/components/signer.go:44)
  Registering resolver for simple type crypto.BLSSigner
Registering outputs
 Registering github.com/berachain/beacon-kit/mod/node-builder.(*NodeBuilder[...]).BuildRootCmd (github.com/berachain/beacon-kit/mod/node-builder/builder.go:101)
Building container
Resolving dependencies for github.com/berachain/beacon-kit/mod/node-builder.(*NodeBuilder[...]).BuildRootCmd (github.com/berachain/beacon-kit/mod/node-builder/builder.go:101)
 Providing one-per-module type map map[string]appmodule.AppModule to github.com/berachain/beacon-kit/mod/node-builder.(*NodeBuilder[...]).BuildRootCmd from:
  runtime: github.com/cosmos/cosmos-sdk/runtime.ProvideApp (github.com/cosmos/cosmos-sdk@v0.51.0/runtime/module.go:112)
  beacon: github.com/berachain/beacon-kit/beacond/x/beacon.ProvideModule (github.com/berachain/beacon-kit/beacond/x/beacon/depinject.go:70)
 Resolving dependencies for github.com/cosmos/cosmos-sdk/runtime.ProvideApp (github.com/cosmos/cosmos-sdk@v0.51.0/runtime/module.go:112)
  Providing types.InterfaceRegistry from github.com/cosmos/cosmos-sdk/runtime.ProvideInterfaceRegistry (github.com/cosmos/cosmos-sdk@v0.51.0/runtime/module.go:178) to github.com/cosmos/cosmos-sdk/runtime.ProvideApp
  Resolving dependencies for github.com/cosmos/cosmos-sdk/runtime.ProvideInterfaceRegistry (github.com/cosmos/cosmos-sdk@v0.51.0/runtime/module.go:178)
   Providing address.Codec from github.com/cosmos/cosmos-sdk/runtime.ProvideAddressCodec (github.com/cosmos/cosmos-sdk@v0.51.0/runtime/module.go:306) to github.com/cosmos/cosmos-sdk/runtime.ProvideInterfaceRegistry
   Resolving dependencies for github.com/cosmos/cosmos-sdk/runtime.ProvideAddressCodec (github.com/cosmos/cosmos-sdk@v0.51.0/runtime/module.go:306)
    Providing zero value for optional dependency *modulev1.Module
    Providing zero value for optional dependency *modulev1.Module
    Supplying func() address.Codec from github.com/berachain/beacon-kit/beacond/app.Config (github.com/berachain/beacon-kit/beacond/app/app_config.go:73) to github.com/cosmos/cosmos-sdk/runtime.ProvideAddressCodec
    Supplying func() address.ValidatorAddressCodec from github.com/berachain/beacon-kit/beacond/app.Config (github.com/berachain/beacon-kit/beacond/app/app_config.go:73) to github.com/cosmos/cosmos-sdk/runtime.ProvideAddressCodec
    Supplying func() address.ConsensusAddressCodec from github.com/berachain/beacon-kit/beacond/app.Config (github.com/berachain/beacon-kit/beacond/app/app_config.go:73) to github.com/cosmos/cosmos-sdk/runtime.ProvideAddressCodec
   Calling github.com/cosmos/cosmos-sdk/runtime.ProvideAddressCodec (github.com/cosmos/cosmos-sdk@v0.51.0/runtime/module.go:306)
   Providing address.ValidatorAddressCodec from github.com/cosmos/cosmos-sdk/runtime.ProvideAddressCodec (github.com/cosmos/cosmos-sdk@v0.51.0/runtime/module.go:306) to github.com/cosmos/cosmos-sdk/runtime.ProvideInterfaceRegistry
   Providing many-per-container type slice []signing.CustomGetSigner to github.com/cosmos/cosmos-sdk/runtime.ProvideInterfaceRegistry from:
  Calling github.com/cosmos/cosmos-sdk/runtime.ProvideInterfaceRegistry (github.com/cosmos/cosmos-sdk@v0.51.0/runtime/module.go:178)
 Calling github.com/cosmos/cosmos-sdk/runtime.ProvideApp (github.com/cosmos/cosmos-sdk@v0.51.0/runtime/module.go:112)
 Resolving dependencies for github.com/berachain/beacon-kit/beacond/x/beacon.ProvideModule (github.com/berachain/beacon-kit/beacond/x/beacon/depinject.go:70)
  Supplying *viper.Viper from github.com/berachain/beacon-kit/mod/node-builder.(*NodeBuilder[...]).BuildRootCmd (github.com/berachain/beacon-kit/mod/node-builder/builder.go:104) to github.com/berachain/beacon-kit/beacond/x/beacon.ProvideModule
  Providing appmodule.Environment from github.com/cosmos/cosmos-sdk/runtime.ProvideEnvironment (github.com/cosmos/cosmos-sdk@v0.51.0/runtime/module.go:258) to github.com/berachain/beacon-kit/beacond/x/beacon.ProvideModule
  Resolving dependencies for github.com/cosmos/cosmos-sdk/runtime.ProvideEnvironment (github.com/cosmos/cosmos-sdk@v0.51.0/runtime/module.go:258)
   Implicitly registering resolver log.zeroLogWrapper for interface type log.Logger
   Supplying log.zeroLogWrapper from github.com/berachain/beacon-kit/mod/node-builder.(*NodeBuilder[...]).BuildRootCmd (github.com/berachain/beacon-kit/mod/node-builder/builder.go:104) to github.com/cosmos/cosmos-sdk/runtime.ProvideEnvironment
   Supplying *runtimev1alpha1.Module from cosmossdk.io/depinject/appconfig.Compose (cosmossdk.io/depinject@v1.0.0-alpha.4.0.20240506202947-fbddf0a55044/appconfig/config.go:95) to github.com/cosmos/cosmos-sdk/runtime.ProvideEnvironment
   Providing ModuleKey beacon
   Providing *runtime.AppBuilder from github.com/cosmos/cosmos-sdk/runtime.ProvideApp (github.com/cosmos/cosmos-sdk@v0.51.0/runtime/module.go:112) to github.com/cosmos/cosmos-sdk/runtime.ProvideEnvironment
   Providing *baseapp.MsgServiceRouter from github.com/cosmos/cosmos-sdk/runtime.ProvideApp (github.com/cosmos/cosmos-sdk@v0.51.0/runtime/module.go:112) to github.com/cosmos/cosmos-sdk/runtime.ProvideEnvironment
   Providing *baseapp.GRPCQueryRouter from github.com/cosmos/cosmos-sdk/runtime.ProvideApp (github.com/cosmos/cosmos-sdk@v0.51.0/runtime/module.go:112) to github.com/cosmos/cosmos-sdk/runtime.ProvideEnvironment
  Calling github.com/cosmos/cosmos-sdk/runtime.ProvideEnvironment (github.com/cosmos/cosmos-sdk@v0.51.0/runtime/module.go:258)
  Error: can't resolve type github.com/berachain/beacon-kit/mod/primitives/pkg/chain/chain.Spec[github.com/berachain/beacon-kit/mod/primitives/pkg/bytes.B4,github.com/berachain/beacon-kit/mod/primitives/pkg/math.U64,github.com/ethereum/go-ethereum/common.Address,github.com/berachain/beacon-kit/mod/primitives/pkg/math.U64,interface {}] for github.com/berachain/beacon-kit/beacond/x/beacon.ProvideModule (github.com/berachain/beacon-kit/beacond/x/beacon/depinject.go:70):
	while resolving:
		chain.Spec[github.com/berachain/beacon-kit/mod/primitives/pkg/bytes.B4,github.com/berachain/beacon-kit/mod/primitives/pkg/math.U64,github.com/ethereum/go-ethereum/common.Address,github.com/berachain/beacon-kit/mod/primitives/pkg/math.U64,interface {}] for github.com/berachain/beacon-kit/beacond/x/beacon.ProvideModule (github.com/berachain/beacon-kit/beacond/x/beacon/depinject.go:70)
		appmodule.Environment for github.com/berachain/beacon-kit/beacond/x/beacon.ProvideModule (github.com/berachain/beacon-kit/beacond/x/beacon/depinject.go:70)
		address.Codec for github.com/cosmos/cosmos-sdk/runtime.ProvideInterfaceRegistry (github.com/cosmos/cosmos-sdk@v0.51.0/runtime/module.go:178)
		types.InterfaceRegistry for github.com/cosmos/cosmos-sdk/runtime.ProvideApp (github.com/cosmos/cosmos-sdk@v0.51.0/runtime/module.go:112)
		map[string]appmodule.AppModule for github.com/berachain/beacon-kit/mod/node-builder.(*NodeBuilder[...]).BuildRootCmd (github.com/berachain/beacon-kit/mod/node-builder/builder.go:101)
  Saved graph of container to /Users/dev/code/v2/beacon-kit/debug_container.dot
